2021-03-01 22:44:02,237 - root - INFO - *********** Home Page Title Verification Test ***********
2021-03-01 22:44:02,240 - root - INFO - *********** Login Test ***********
2021-03-01 22:44:16,834 - root - INFO - *********** Home Page Title is matched ***********
2021-03-01 22:44:28,677 - root - INFO - *********** Login Test Passed ***********
2021-03-01 22:58:16,662 - root - INFO - *********** Login Test ***********
2021-03-01 22:58:16,662 - root - INFO - *********** Home Page Title Verification Test ***********
2021-03-01 22:58:32,457 - root - INFO - *********** Home Page Title is matched ***********
2021-03-01 22:58:43,943 - root - INFO - *********** Login Test Passed ***********
2021-03-02 00:27:09,732 - root - INFO - ******* Starting Test_002_DDT_Login Test **********
2021-03-02 00:27:09,769 - root - INFO - ******* Starting Login DDT Test **********
2021-03-02 00:27:47,373 - root - INFO - **** passed ****
2021-03-02 00:27:54,341 - root - INFO - **** passed ****
2021-03-02 00:28:00,116 - root - INFO - **** passed ****
2021-03-02 00:28:05,913 - root - INFO - **** passed ****
2021-03-02 00:28:05,914 - root - INFO - ******* DDT Login test passed **********
2021-03-02 00:28:06,077 - root - INFO - ******* End of Login DDT Test **********
2021-03-02 00:28:06,078 - root - INFO - **************** Completed  TC_LoginDDT_002 ************* 
2021-03-02 13:17:23,694 - root - INFO - ************* Test_003_AddCustomer **********
2021-03-02 13:17:52,510 - root - INFO - ************* Login succesful **********
2021-03-02 13:17:52,510 - root - INFO - ******* Starting Add Customer Test **********
2021-03-02 13:47:47,349 - root - INFO - ************* Test_003_AddCustomer **********
2021-03-02 13:48:03,999 - root - INFO - ************* Login succesful **********
2021-03-02 13:48:03,999 - root - INFO - ******* Starting Add Customer Test **********
2021-03-02 13:48:07,802 - root - INFO - ************* Providing customer info **********
2021-03-02 13:54:35,032 - root - INFO - ************* Test_003_AddCustomer **********
2021-03-02 13:54:49,321 - root - INFO - ************* Login succesful **********
2021-03-02 13:54:49,322 - root - INFO - ******* Starting Add Customer Test **********
2021-03-02 13:54:53,653 - root - INFO - ************* Providing customer info **********
2021-03-02 14:01:47,771 - root - INFO - ************* Test_003_AddCustomer **********
2021-03-02 14:02:03,842 - root - INFO - ************* Login succesful **********
2021-03-02 14:02:03,842 - root - INFO - ******* Starting Add Customer Test **********
2021-03-02 14:03:24,031 - root - INFO - ************* Test_003_AddCustomer **********
2021-03-02 14:03:38,684 - root - INFO - ************* Login succesful **********
2021-03-02 14:03:38,685 - root - INFO - ******* Starting Add Customer Test **********
2021-03-02 14:03:48,637 - root - INFO - ************* Providing customer info **********
2021-03-02 14:04:00,912 - root - INFO - ************* Saving customer info **********
2021-03-02 14:04:00,913 - root - INFO - ********* Add customer validation started *****************
2021-03-02 14:04:01,111 - root - INFO - ********* Add customer Test Passed *********
2021-03-02 14:04:01,220 - root - INFO - ******* Ending Add customer test **********
2021-03-02 15:18:40,015 - root - INFO - ************* SearchCustomerByEmail_004 **********
2021-03-02 15:18:59,935 - root - INFO - ************* Login succesful **********
2021-03-02 15:18:59,936 - root - INFO - ******* Starting Search Customer By Email **********
2021-03-02 15:21:16,605 - root - INFO - ************* Test_003_AddCustomer **********
2021-03-02 15:21:30,508 - root - INFO - ************* Login succesful **********
2021-03-02 15:21:30,509 - root - INFO - ******* Starting Add Customer Test **********
2021-03-02 15:23:15,985 - root - INFO - ************* Test_003_AddCustomer **********
2021-03-02 15:23:30,525 - root - INFO - ************* Login succesful **********
2021-03-02 15:23:30,525 - root - INFO - ******* Starting Add Customer Test **********
2021-03-02 15:23:39,421 - root - INFO - ************* Providing customer info **********
2021-03-02 15:34:51,394 - root - INFO - ************* SearchCustomerByEmail_004 **********
2021-03-02 15:35:15,761 - root - INFO - ************* Login succesful **********
2021-03-02 15:35:15,761 - root - INFO - ******* Starting Search Customer By Email **********
2021-03-02 15:39:22,958 - root - INFO - ************* SearchCustomerByEmail_004 **********
2021-03-02 15:39:36,374 - root - INFO - ************* Login succesful **********
2021-03-02 15:39:36,375 - root - INFO - ******* Starting Search Customer By Email **********
2021-03-02 15:43:19,325 - root - INFO - ************* SearchCustomerByName_005 **********
2021-03-02 15:43:35,496 - root - INFO - ************* Login succesful **********
2021-03-02 15:43:35,496 - root - INFO - ******* Starting Search Customer By Name **********
2021-03-02 15:51:40,582 - root - INFO - ************* Test_003_AddCustomer **********
2021-03-02 15:51:56,634 - root - INFO - ************* Login succesful **********
2021-03-02 15:51:56,634 - root - INFO - ******* Starting Add Customer Test **********
2021-03-02 15:52:05,305 - root - INFO - ************* Providing customer info **********
2021-03-02 16:00:44,273 - root - INFO - ************* SearchCustomerByEmail_004 **********
2021-03-02 16:01:05,252 - root - INFO - ************* Login succesful **********
2021-03-02 16:01:05,253 - root - INFO - ******* Starting Search Customer By Email **********
2021-03-02 16:02:50,797 - root - INFO - ************* SearchCustomerByEmail_004 **********
2021-03-02 16:03:03,565 - root - INFO - ************* Login succesful **********
2021-03-02 16:03:03,565 - root - INFO - ******* Starting Search Customer By Email **********
2021-03-02 16:12:52,400 - root - INFO - ************* Test_003_AddCustomer **********
2021-03-02 16:13:16,416 - root - INFO - ************* Login succesful **********
2021-03-02 16:13:16,416 - root - INFO - ******* Starting Add Customer Test **********
2021-03-02 16:28:56,231 - root - INFO - ************* SearchCustomerByEmail_004 **********
2021-03-02 16:29:25,567 - root - INFO - ************* Login succesful **********
2021-03-02 16:29:25,568 - root - INFO - ******* Starting Search Customer By Email **********
2021-03-02 16:36:46,623 - root - INFO - ************* SearchCustomerByEmail_004 **********
2021-03-02 16:37:03,860 - root - INFO - ************* Login succesful **********
2021-03-02 16:37:03,860 - root - INFO - ******* Starting Search Customer By Email **********
2021-03-02 16:40:25,776 - root - INFO - ************* Test_003_AddCustomer **********
2021-03-02 16:40:39,279 - root - INFO - ************* Login succesful **********
2021-03-02 16:40:39,279 - root - INFO - ******* Starting Add Customer Test **********
2021-03-02 16:40:48,164 - root - INFO - ************* Providing customer info **********
2021-03-02 16:42:09,883 - root - INFO - ************* SearchCustomerByEmail_004 **********
2021-03-02 16:42:24,368 - root - INFO - ************* Login succesful **********
2021-03-02 16:42:24,369 - root - INFO - ******* Starting Search Customer By Email **********
2021-03-02 16:51:49,430 - root - INFO - ************* SearchCustomerByEmail_004 **********
2021-03-02 16:52:05,433 - root - INFO - ************* Login succesful **********
2021-03-02 16:52:05,434 - root - INFO - ******* Starting Search Customer By Email **********
2021-03-02 16:53:56,040 - root - INFO - ************* SearchCustomerByEmail_004 **********
2021-03-02 16:54:12,825 - root - INFO - ************* Login succesful **********
2021-03-02 16:54:12,825 - root - INFO - ******* Starting Search Customer By Email **********
2021-03-02 16:54:21,338 - root - INFO - ************* searching customer by emailID **********
2021-03-02 16:54:26,866 - root - INFO - ***************  TC_SearchCustomerByEmail_004 Finished  *********** 
2021-03-02 16:57:11,676 - root - INFO - ************* SearchCustomerByName_005 **********
2021-03-02 16:57:26,995 - root - INFO - ************* Login succesful **********
2021-03-02 16:57:26,996 - root - INFO - ******* Starting Search Customer By Name **********
2021-03-02 16:59:16,950 - root - INFO - ************* SearchCustomerByName_005 **********
2021-03-02 16:59:31,378 - root - INFO - ************* Login succesful **********
2021-03-02 16:59:31,378 - root - INFO - ******* Starting Search Customer By Name **********
2021-03-02 16:59:38,298 - root - INFO - ************* searching customer by Name **********
2021-03-02 16:59:43,775 - root - INFO - ***************  TC_SearchCustomerByName_005 Finished  *********** 
2021-03-02 18:53:03,646 - root - INFO - ************* Test_003_AddCustomer **********
2021-03-02 18:53:03,646 - root - INFO - ************* Test_003_AddCustomer **********
2021-03-02 18:53:03,646 - root - INFO - ************* Test_003_AddCustomer **********
2021-03-02 18:53:03,646 - root - INFO - ************* Test_003_AddCustomer **********
2021-03-02 18:53:03,646 - root - INFO - ************* Test_003_AddCustomer **********
2021-03-02 18:53:43,960 - root - INFO - ************* Login succesful **********
2021-03-02 18:53:43,960 - root - INFO - ************* Login succesful **********
2021-03-02 18:53:43,960 - root - INFO - ************* Login succesful **********
2021-03-02 18:53:43,960 - root - INFO - ************* Login succesful **********
2021-03-02 18:53:43,960 - root - INFO - ************* Login succesful **********
2021-03-02 18:53:43,961 - root - INFO - ******* Starting Add Customer Test **********
2021-03-02 18:53:43,961 - root - INFO - ******* Starting Add Customer Test **********
2021-03-02 18:53:43,961 - root - INFO - ******* Starting Add Customer Test **********
2021-03-02 18:53:43,961 - root - INFO - ******* Starting Add Customer Test **********
2021-03-02 18:53:43,961 - root - INFO - ******* Starting Add Customer Test **********
2021-03-02 18:53:53,258 - root - INFO - *********** Login Test ***********
2021-03-02 18:53:53,258 - root - INFO - *********** Login Test ***********
2021-03-02 18:53:53,258 - root - INFO - *********** Login Test ***********
2021-03-02 18:53:53,258 - root - INFO - *********** Login Test ***********
2021-03-02 18:53:53,258 - root - INFO - *********** Login Test ***********
2021-03-02 18:54:15,690 - root - INFO - *********** Login Test Passed ***********
2021-03-02 18:54:15,690 - root - INFO - *********** Login Test Passed ***********
2021-03-02 18:54:15,690 - root - INFO - *********** Login Test Passed ***********
2021-03-02 18:54:15,690 - root - INFO - *********** Login Test Passed ***********
2021-03-02 18:54:15,690 - root - INFO - *********** Login Test Passed ***********
2021-03-02 18:57:07,683 - root - INFO - ************* Test_003_AddCustomer **********
2021-03-02 18:57:07,683 - root - INFO - ************* Test_003_AddCustomer **********
2021-03-02 18:57:07,683 - root - INFO - ************* Test_003_AddCustomer **********
2021-03-02 18:57:07,683 - root - INFO - ************* Test_003_AddCustomer **********
2021-03-02 18:57:07,683 - root - INFO - ************* Test_003_AddCustomer **********
2021-03-02 18:57:24,601 - root - INFO - ************* Login succesful **********
2021-03-02 18:57:24,601 - root - INFO - ************* Login succesful **********
2021-03-02 18:57:24,601 - root - INFO - ************* Login succesful **********
2021-03-02 18:57:24,601 - root - INFO - ************* Login succesful **********
2021-03-02 18:57:24,601 - root - INFO - ************* Login succesful **********
2021-03-02 18:57:24,601 - root - INFO - ******* Starting Add Customer Test **********
2021-03-02 18:57:24,601 - root - INFO - ******* Starting Add Customer Test **********
2021-03-02 18:57:24,601 - root - INFO - ******* Starting Add Customer Test **********
2021-03-02 18:57:24,601 - root - INFO - ******* Starting Add Customer Test **********
2021-03-02 18:57:24,601 - root - INFO - ******* Starting Add Customer Test **********
2021-03-02 18:57:30,309 - root - INFO - *********** Login Test ***********
2021-03-02 18:57:30,309 - root - INFO - *********** Login Test ***********
2021-03-02 18:57:30,309 - root - INFO - *********** Login Test ***********
2021-03-02 18:57:30,309 - root - INFO - *********** Login Test ***********
2021-03-02 18:57:30,309 - root - INFO - *********** Login Test ***********
2021-03-02 18:57:49,196 - root - INFO - *********** Login Test Passed ***********
2021-03-02 18:57:49,196 - root - INFO - *********** Login Test Passed ***********
2021-03-02 18:57:49,196 - root - INFO - *********** Login Test Passed ***********
2021-03-02 18:57:49,196 - root - INFO - *********** Login Test Passed ***********
2021-03-02 18:57:49,196 - root - INFO - *********** Login Test Passed ***********
2021-03-02 18:59:18,116 - root - INFO - ************* Test_003_AddCustomer **********
2021-03-02 18:59:18,116 - root - INFO - ************* Test_003_AddCustomer **********
2021-03-02 18:59:18,116 - root - INFO - ************* Test_003_AddCustomer **********
2021-03-02 18:59:18,116 - root - INFO - ************* Test_003_AddCustomer **********
2021-03-02 18:59:18,116 - root - INFO - ************* Test_003_AddCustomer **********
2021-03-02 18:59:31,247 - root - INFO - ************* Login succesful **********
2021-03-02 18:59:31,247 - root - INFO - ************* Login succesful **********
2021-03-02 18:59:31,247 - root - INFO - ************* Login succesful **********
2021-03-02 18:59:31,247 - root - INFO - ************* Login succesful **********
2021-03-02 18:59:31,247 - root - INFO - ************* Login succesful **********
2021-03-02 18:59:31,249 - root - INFO - ******* Starting Add Customer Test **********
2021-03-02 18:59:31,249 - root - INFO - ******* Starting Add Customer Test **********
2021-03-02 18:59:31,249 - root - INFO - ******* Starting Add Customer Test **********
2021-03-02 18:59:31,249 - root - INFO - ******* Starting Add Customer Test **********
2021-03-02 18:59:31,249 - root - INFO - ******* Starting Add Customer Test **********
2021-03-02 18:59:42,493 - root - INFO - ************* Providing customer info **********
2021-03-02 18:59:42,493 - root - INFO - ************* Providing customer info **********
2021-03-02 18:59:42,493 - root - INFO - ************* Providing customer info **********
2021-03-02 18:59:42,493 - root - INFO - ************* Providing customer info **********
2021-03-02 18:59:42,493 - root - INFO - ************* Providing customer info **********
2021-03-02 18:59:53,382 - root - INFO - *********** Login Test ***********
2021-03-02 18:59:53,382 - root - INFO - *********** Login Test ***********
2021-03-02 18:59:53,382 - root - INFO - *********** Login Test ***********
2021-03-02 18:59:53,382 - root - INFO - *********** Login Test ***********
2021-03-02 18:59:53,382 - root - INFO - *********** Login Test ***********
2021-03-02 19:00:07,762 - root - INFO - *********** Login Test Passed ***********
2021-03-02 19:00:07,762 - root - INFO - *********** Login Test Passed ***********
2021-03-02 19:00:07,762 - root - INFO - *********** Login Test Passed ***********
2021-03-02 19:00:07,762 - root - INFO - *********** Login Test Passed ***********
2021-03-02 19:00:07,762 - root - INFO - *********** Login Test Passed ***********
2021-03-02 19:34:00,163 - root - INFO - ************* Test_003_AddCustomer **********
2021-03-02 19:34:00,163 - root - INFO - ************* Test_003_AddCustomer **********
2021-03-02 19:34:00,163 - root - INFO - ************* Test_003_AddCustomer **********
2021-03-02 19:34:00,163 - root - INFO - ************* Test_003_AddCustomer **********
2021-03-02 19:34:00,163 - root - INFO - ************* Test_003_AddCustomer **********
2021-03-02 19:34:20,211 - root - INFO - ************* Login succesful **********
2021-03-02 19:34:20,211 - root - INFO - ************* Login succesful **********
2021-03-02 19:34:20,211 - root - INFO - ************* Login succesful **********
2021-03-02 19:34:20,211 - root - INFO - ************* Login succesful **********
2021-03-02 19:34:20,211 - root - INFO - ************* Login succesful **********
2021-03-02 19:34:20,212 - root - INFO - ******* Starting Add Customer Test **********
2021-03-02 19:34:20,212 - root - INFO - ******* Starting Add Customer Test **********
2021-03-02 19:34:20,212 - root - INFO - ******* Starting Add Customer Test **********
2021-03-02 19:34:20,212 - root - INFO - ******* Starting Add Customer Test **********
2021-03-02 19:34:20,212 - root - INFO - ******* Starting Add Customer Test **********
2021-03-02 19:34:31,354 - root - INFO - ************* Providing customer info **********
2021-03-02 19:34:31,354 - root - INFO - ************* Providing customer info **********
2021-03-02 19:34:31,354 - root - INFO - ************* Providing customer info **********
2021-03-02 19:34:31,354 - root - INFO - ************* Providing customer info **********
2021-03-02 19:34:31,354 - root - INFO - ************* Providing customer info **********
2021-03-02 19:34:43,821 - root - INFO - ************* Saving customer info **********
2021-03-02 19:34:43,821 - root - INFO - ************* Saving customer info **********
2021-03-02 19:34:43,821 - root - INFO - ************* Saving customer info **********
2021-03-02 19:34:43,821 - root - INFO - ************* Saving customer info **********
2021-03-02 19:34:43,821 - root - INFO - ************* Saving customer info **********
2021-03-02 19:34:43,821 - root - INFO - ********* Add customer validation started *****************
2021-03-02 19:34:43,821 - root - INFO - ********* Add customer validation started *****************
2021-03-02 19:34:43,821 - root - INFO - ********* Add customer validation started *****************
2021-03-02 19:34:43,821 - root - INFO - ********* Add customer validation started *****************
2021-03-02 19:34:43,821 - root - INFO - ********* Add customer validation started *****************
2021-03-02 19:34:44,198 - root - INFO - ********* Add customer Test Passed *********
2021-03-02 19:34:44,198 - root - INFO - ********* Add customer Test Passed *********
2021-03-02 19:34:44,198 - root - INFO - ********* Add customer Test Passed *********
2021-03-02 19:34:44,198 - root - INFO - ********* Add customer Test Passed *********
2021-03-02 19:34:44,198 - root - INFO - ********* Add customer Test Passed *********
2021-03-02 19:34:44,562 - root - INFO - ******* Ending Add customer test **********
2021-03-02 19:34:44,562 - root - INFO - ******* Ending Add customer test **********
2021-03-02 19:34:44,562 - root - INFO - ******* Ending Add customer test **********
2021-03-02 19:34:44,562 - root - INFO - ******* Ending Add customer test **********
2021-03-02 19:34:44,562 - root - INFO - ******* Ending Add customer test **********
2021-03-02 19:34:47,053 - root - INFO - *********** Login Test ***********
2021-03-02 19:34:47,053 - root - INFO - *********** Login Test ***********
2021-03-02 19:34:47,053 - root - INFO - *********** Login Test ***********
2021-03-02 19:34:47,053 - root - INFO - *********** Login Test ***********
2021-03-02 19:34:47,053 - root - INFO - *********** Login Test ***********
2021-03-02 19:35:00,732 - root - INFO - *********** Login Test Passed ***********
2021-03-02 19:35:00,732 - root - INFO - *********** Login Test Passed ***********
2021-03-02 19:35:00,732 - root - INFO - *********** Login Test Passed ***********
2021-03-02 19:35:00,732 - root - INFO - *********** Login Test Passed ***********
2021-03-02 19:35:00,732 - root - INFO - *********** Login Test Passed ***********
2021-03-02 19:37:49,299 - root - INFO - ************* Test_003_AddCustomer **********
2021-03-02 19:37:49,299 - root - INFO - ************* Test_003_AddCustomer **********
2021-03-02 19:37:49,299 - root - INFO - ************* Test_003_AddCustomer **********
2021-03-02 19:37:49,299 - root - INFO - ************* Test_003_AddCustomer **********
2021-03-02 19:37:49,299 - root - INFO - ************* Test_003_AddCustomer **********
2021-03-02 19:38:03,538 - root - INFO - ************* Login succesful **********
2021-03-02 19:38:03,538 - root - INFO - ************* Login succesful **********
2021-03-02 19:38:03,538 - root - INFO - ************* Login succesful **********
2021-03-02 19:38:03,538 - root - INFO - ************* Login succesful **********
2021-03-02 19:38:03,538 - root - INFO - ************* Login succesful **********
2021-03-02 19:38:03,539 - root - INFO - ******* Starting Add Customer Test **********
2021-03-02 19:38:03,539 - root - INFO - ******* Starting Add Customer Test **********
2021-03-02 19:38:03,539 - root - INFO - ******* Starting Add Customer Test **********
2021-03-02 19:38:03,539 - root - INFO - ******* Starting Add Customer Test **********
2021-03-02 19:38:03,539 - root - INFO - ******* Starting Add Customer Test **********
2021-03-02 19:38:14,524 - root - INFO - ************* Providing customer info **********
2021-03-02 19:38:14,524 - root - INFO - ************* Providing customer info **********
2021-03-02 19:38:14,524 - root - INFO - ************* Providing customer info **********
2021-03-02 19:38:14,524 - root - INFO - ************* Providing customer info **********
2021-03-02 19:38:14,524 - root - INFO - ************* Providing customer info **********
2021-03-02 19:38:26,584 - root - INFO - ************* Saving customer info **********
2021-03-02 19:38:26,584 - root - INFO - ************* Saving customer info **********
2021-03-02 19:38:26,584 - root - INFO - ************* Saving customer info **********
2021-03-02 19:38:26,584 - root - INFO - ************* Saving customer info **********
2021-03-02 19:38:26,584 - root - INFO - ************* Saving customer info **********
2021-03-02 19:38:26,584 - root - INFO - ********* Add customer validation started *****************
2021-03-02 19:38:26,584 - root - INFO - ********* Add customer validation started *****************
2021-03-02 19:38:26,584 - root - INFO - ********* Add customer validation started *****************
2021-03-02 19:38:26,584 - root - INFO - ********* Add customer validation started *****************
2021-03-02 19:38:26,584 - root - INFO - ********* Add customer validation started *****************
2021-03-02 19:38:26,751 - root - INFO - ********* Add customer Test Passed *********
2021-03-02 19:38:26,751 - root - INFO - ********* Add customer Test Passed *********
2021-03-02 19:38:26,751 - root - INFO - ********* Add customer Test Passed *********
2021-03-02 19:38:26,751 - root - INFO - ********* Add customer Test Passed *********
2021-03-02 19:38:26,751 - root - INFO - ********* Add customer Test Passed *********
2021-03-02 19:38:26,896 - root - INFO - ******* Ending Add customer test **********
2021-03-02 19:38:26,896 - root - INFO - ******* Ending Add customer test **********
2021-03-02 19:38:26,896 - root - INFO - ******* Ending Add customer test **********
2021-03-02 19:38:26,896 - root - INFO - ******* Ending Add customer test **********
2021-03-02 19:38:26,896 - root - INFO - ******* Ending Add customer test **********
2021-03-02 19:38:28,904 - root - INFO - *********** Login Test ***********
2021-03-02 19:38:28,904 - root - INFO - *********** Login Test ***********
2021-03-02 19:38:28,904 - root - INFO - *********** Login Test ***********
2021-03-02 19:38:28,904 - root - INFO - *********** Login Test ***********
2021-03-02 19:38:28,904 - root - INFO - *********** Login Test ***********
2021-03-02 19:38:43,481 - root - INFO - *********** Login Test Passed ***********
2021-03-02 19:38:43,481 - root - INFO - *********** Login Test Passed ***********
2021-03-02 19:38:43,481 - root - INFO - *********** Login Test Passed ***********
2021-03-02 19:38:43,481 - root - INFO - *********** Login Test Passed ***********
2021-03-02 19:38:43,481 - root - INFO - *********** Login Test Passed ***********
2021-03-02 19:41:03,661 - root - INFO - *********** Home Page Title Verification Test ***********
2021-03-02 19:41:13,507 - root - INFO - *********** Home Page Title is matched ***********
2021-03-02 19:41:15,324 - root - INFO - *********** Login Test ***********
2021-03-02 19:41:29,081 - root - INFO - *********** Login Test Passed ***********
